2022-11-30 16:34:20.903  INFO 81170 --- [restartedMain] c.p.mycapstone.MycapstoneApplication     : Starting MycapstoneApplication using Java 11.0.17 on MacBook-Air.lan with PID 81170 (/Users/therealdee_k/IdeaProjects/mycapstone/target/classes started by therealdee_k in /Users/therealdee_k/IdeaProjects/mycapstone)
2022-11-30 16:34:20.904 DEBUG 81170 --- [restartedMain] c.p.mycapstone.MycapstoneApplication     : Running with Spring Boot v2.7.6, Spring v5.3.24
2022-11-30 16:34:20.904  INFO 81170 --- [restartedMain] c.p.mycapstone.MycapstoneApplication     : No active profile set, falling back to 1 default profile: "default"
2022-11-30 16:34:20.930  INFO 81170 --- [restartedMain] .e.DevToolsPropertyDefaultsPostProcessor : Devtools property defaults active! Set 'spring.devtools.add-properties' to 'false' to disable
2022-11-30 16:34:20.931  INFO 81170 --- [restartedMain] .e.DevToolsPropertyDefaultsPostProcessor : For additional web related logging consider setting the 'logging.level.web' property to 'DEBUG'
2022-11-30 16:34:21.303  INFO 81170 --- [restartedMain] .s.d.r.c.RepositoryConfigurationDelegate : Bootstrapping Spring Data JPA repositories in DEFAULT mode.
2022-11-30 16:34:21.330  INFO 81170 --- [restartedMain] .s.d.r.c.RepositoryConfigurationDelegate : Finished Spring Data repository scanning in 21 ms. Found 1 JPA repository interfaces.
2022-11-30 16:34:21.711  INFO 81170 --- [restartedMain] o.s.b.w.embedded.tomcat.TomcatWebServer  : Tomcat initialized with port(s): 8080 (http)
2022-11-30 16:34:21.718  INFO 81170 --- [restartedMain] o.apache.catalina.core.StandardService   : Starting service [Tomcat]
2022-11-30 16:34:21.718  INFO 81170 --- [restartedMain] org.apache.catalina.core.StandardEngine  : Starting Servlet engine: [Apache Tomcat/9.0.69]
2022-11-30 16:34:21.844  INFO 81170 --- [restartedMain] org.apache.jasper.servlet.TldScanner     : At least one JAR was scanned for TLDs yet contained no TLDs. Enable debug logging for this logger for a complete list of JARs that were scanned but no TLDs were found in them. Skipping unneeded JARs during scanning can improve startup time and JSP compilation time.
2022-11-30 16:34:21.850  INFO 81170 --- [restartedMain] o.a.c.c.C.[Tomcat].[localhost].[/]       : Initializing Spring embedded WebApplicationContext
2022-11-30 16:34:21.851  INFO 81170 --- [restartedMain] w.s.c.ServletWebServerApplicationContext : Root WebApplicationContext: initialization completed in 919 ms
2022-11-30 16:34:21.929  INFO 81170 --- [restartedMain] o.hibernate.jpa.internal.util.LogHelper  : HHH000204: Processing PersistenceUnitInfo [name: default]
2022-11-30 16:34:21.965  INFO 81170 --- [restartedMain] org.hibernate.Version                    : HHH000412: Hibernate ORM core version 5.6.14.Final
2022-11-30 16:34:22.065  INFO 81170 --- [restartedMain] o.hibernate.annotations.common.Version   : HCANN000001: Hibernate Commons Annotations {5.1.2.Final}
2022-11-30 16:34:22.120  INFO 81170 --- [restartedMain] com.zaxxer.hikari.HikariDataSource       : HikariPool-1 - Starting...
2022-11-30 16:34:22.382  INFO 81170 --- [restartedMain] com.zaxxer.hikari.HikariDataSource       : HikariPool-1 - Start completed.
2022-11-30 16:34:22.399  INFO 81170 --- [restartedMain] org.hibernate.dialect.Dialect            : HHH000400: Using dialect: org.hibernate.dialect.MySQLDialect
2022-11-30 16:34:22.794  INFO 81170 --- [restartedMain] o.h.e.t.j.p.i.JtaPlatformInitiator       : HHH000490: Using JtaPlatform implementation: [org.hibernate.engine.transaction.jta.platform.internal.NoJtaPlatform]
2022-11-30 16:34:22.800  INFO 81170 --- [restartedMain] j.LocalContainerEntityManagerFactoryBean : Initialized JPA EntityManagerFactory for persistence unit 'default'
2022-11-30 16:34:22.994  WARN 81170 --- [restartedMain] JpaBaseConfiguration$JpaWebConfiguration : spring.jpa.open-in-view is enabled by default. Therefore, database queries may be performed during view rendering. Explicitly configure spring.jpa.open-in-view to disable this warning
2022-11-30 16:34:23.170  INFO 81170 --- [restartedMain] o.s.b.d.a.OptionalLiveReloadServer       : LiveReload server is running on port 35729
2022-11-30 16:34:23.201  INFO 81170 --- [restartedMain] o.s.b.w.embedded.tomcat.TomcatWebServer  : Tomcat started on port(s): 8080 (http) with context path ''
2022-11-30 16:34:23.207  INFO 81170 --- [restartedMain] c.p.mycapstone.MycapstoneApplication     : Started MycapstoneApplication in 2.536 seconds (JVM running for 2.993)
2022-11-30 16:34:47.966  INFO 81170 --- [http-nio-8080-exec-1] o.a.c.c.C.[Tomcat].[localhost].[/]       : Initializing Spring DispatcherServlet 'dispatcherServlet'
2022-11-30 16:34:47.968  INFO 81170 --- [http-nio-8080-exec-1] o.s.web.servlet.DispatcherServlet        : Initializing Servlet 'dispatcherServlet'
2022-11-30 16:34:47.971  INFO 81170 --- [http-nio-8080-exec-1] o.s.web.servlet.DispatcherServlet        : Completed initialization in 3 ms
2022-11-30 16:35:32.597  INFO 81170 --- [SpringApplicationShutdownHook] j.LocalContainerEntityManagerFactoryBean : Closing JPA EntityManagerFactory for persistence unit 'default'
2022-11-30 16:35:32.604  INFO 81170 --- [SpringApplicationShutdownHook] com.zaxxer.hikari.HikariDataSource       : HikariPool-1 - Shutdown initiated...
2022-11-30 16:35:32.614  INFO 81170 --- [SpringApplicationShutdownHook] com.zaxxer.hikari.HikariDataSource       : HikariPool-1 - Shutdown completed.
2022-11-30 16:55:38.326  INFO 81490 --- [restartedMain] c.p.mycapstone.MycapstoneApplication     : Starting MycapstoneApplication using Java 11.0.17 on MacBook-Air.lan with PID 81490 (/Users/therealdee_k/IdeaProjects/mycapstone/target/classes started by therealdee_k in /Users/therealdee_k/IdeaProjects/mycapstone)
2022-11-30 16:55:38.326 DEBUG 81490 --- [restartedMain] c.p.mycapstone.MycapstoneApplication     : Running with Spring Boot v2.7.6, Spring v5.3.24
2022-11-30 16:55:38.326  INFO 81490 --- [restartedMain] c.p.mycapstone.MycapstoneApplication     : No active profile set, falling back to 1 default profile: "default"
2022-11-30 16:55:38.350  INFO 81490 --- [restartedMain] .e.DevToolsPropertyDefaultsPostProcessor : Devtools property defaults active! Set 'spring.devtools.add-properties' to 'false' to disable
2022-11-30 16:55:38.350  INFO 81490 --- [restartedMain] .e.DevToolsPropertyDefaultsPostProcessor : For additional web related logging consider setting the 'logging.level.web' property to 'DEBUG'
2022-11-30 16:55:38.676  INFO 81490 --- [restartedMain] .s.d.r.c.RepositoryConfigurationDelegate : Bootstrapping Spring Data JPA repositories in DEFAULT mode.
2022-11-30 16:55:38.700  INFO 81490 --- [restartedMain] .s.d.r.c.RepositoryConfigurationDelegate : Finished Spring Data repository scanning in 20 ms. Found 1 JPA repository interfaces.
2022-11-30 16:55:39.034  INFO 81490 --- [restartedMain] o.s.b.w.embedded.tomcat.TomcatWebServer  : Tomcat initialized with port(s): 8080 (http)
2022-11-30 16:55:39.041  INFO 81490 --- [restartedMain] o.apache.catalina.core.StandardService   : Starting service [Tomcat]
2022-11-30 16:55:39.041  INFO 81490 --- [restartedMain] org.apache.catalina.core.StandardEngine  : Starting Servlet engine: [Apache Tomcat/9.0.69]
2022-11-30 16:55:39.161  INFO 81490 --- [restartedMain] org.apache.jasper.servlet.TldScanner     : At least one JAR was scanned for TLDs yet contained no TLDs. Enable debug logging for this logger for a complete list of JARs that were scanned but no TLDs were found in them. Skipping unneeded JARs during scanning can improve startup time and JSP compilation time.
2022-11-30 16:55:39.168  INFO 81490 --- [restartedMain] o.a.c.c.C.[Tomcat].[localhost].[/]       : Initializing Spring embedded WebApplicationContext
2022-11-30 16:55:39.168  INFO 81490 --- [restartedMain] w.s.c.ServletWebServerApplicationContext : Root WebApplicationContext: initialization completed in 818 ms
2022-11-30 16:55:39.242  INFO 81490 --- [restartedMain] o.hibernate.jpa.internal.util.LogHelper  : HHH000204: Processing PersistenceUnitInfo [name: default]
2022-11-30 16:55:39.273  INFO 81490 --- [restartedMain] org.hibernate.Version                    : HHH000412: Hibernate ORM core version 5.6.14.Final
2022-11-30 16:55:39.367  INFO 81490 --- [restartedMain] o.hibernate.annotations.common.Version   : HCANN000001: Hibernate Commons Annotations {5.1.2.Final}
2022-11-30 16:55:39.423  INFO 81490 --- [restartedMain] com.zaxxer.hikari.HikariDataSource       : HikariPool-1 - Starting...
2022-11-30 16:55:39.671  INFO 81490 --- [restartedMain] com.zaxxer.hikari.HikariDataSource       : HikariPool-1 - Start completed.
2022-11-30 16:55:39.680  INFO 81490 --- [restartedMain] org.hibernate.dialect.Dialect            : HHH000400: Using dialect: org.hibernate.dialect.MySQLDialect
2022-11-30 16:55:40.038  INFO 81490 --- [restartedMain] o.h.e.t.j.p.i.JtaPlatformInitiator       : HHH000490: Using JtaPlatform implementation: [org.hibernate.engine.transaction.jta.platform.internal.NoJtaPlatform]
2022-11-30 16:55:40.043  INFO 81490 --- [restartedMain] j.LocalContainerEntityManagerFactoryBean : Initialized JPA EntityManagerFactory for persistence unit 'default'
2022-11-30 16:55:40.234  WARN 81490 --- [restartedMain] JpaBaseConfiguration$JpaWebConfiguration : spring.jpa.open-in-view is enabled by default. Therefore, database queries may be performed during view rendering. Explicitly configure spring.jpa.open-in-view to disable this warning
2022-11-30 16:55:40.330  INFO 81490 --- [restartedMain] o.s.b.a.w.s.WelcomePageHandlerMapping    : Adding welcome page template: index
2022-11-30 16:55:40.411  INFO 81490 --- [restartedMain] o.s.b.d.a.OptionalLiveReloadServer       : LiveReload server is running on port 35729
2022-11-30 16:55:40.433  INFO 81490 --- [restartedMain] o.s.b.w.embedded.tomcat.TomcatWebServer  : Tomcat started on port(s): 8080 (http) with context path ''
2022-11-30 16:55:40.439  INFO 81490 --- [restartedMain] c.p.mycapstone.MycapstoneApplication     : Started MycapstoneApplication in 2.342 seconds (JVM running for 2.645)
2022-11-30 16:55:48.816  INFO 81490 --- [http-nio-8080-exec-1] o.a.c.c.C.[Tomcat].[localhost].[/]       : Initializing Spring DispatcherServlet 'dispatcherServlet'
2022-11-30 16:55:48.817  INFO 81490 --- [http-nio-8080-exec-1] o.s.web.servlet.DispatcherServlet        : Initializing Servlet 'dispatcherServlet'
2022-11-30 16:55:48.819  INFO 81490 --- [http-nio-8080-exec-1] o.s.web.servlet.DispatcherServlet        : Completed initialization in 2 ms
2022-11-30 16:58:36.904  INFO 81490 --- [SpringApplicationShutdownHook] j.LocalContainerEntityManagerFactoryBean : Closing JPA EntityManagerFactory for persistence unit 'default'
2022-11-30 16:58:36.909  INFO 81490 --- [SpringApplicationShutdownHook] com.zaxxer.hikari.HikariDataSource       : HikariPool-1 - Shutdown initiated...
2022-11-30 16:58:36.918  INFO 81490 --- [SpringApplicationShutdownHook] com.zaxxer.hikari.HikariDataSource       : HikariPool-1 - Shutdown completed.
